2025-10-12 23:24:39 | INFO | ==================================================
2025-10-12 23:24:39 | INFO | 開始生成四季線上電子節目表單
2025-10-12 23:24:39 | INFO | 開始時間: 2025-10-12 23:24:39
2025-10-12 23:24:39 | INFO | 輸出目錄: /home/runner/work/EPG/EPG/output
2025-10-12 23:24:39 | INFO | 正在獲取 四季線上 電子節目表
2025-10-12 23:24:39 | INFO | 從本地檔案讀取頻道列表: /home/runner/work/EPG/EPG/output/fourgtv.json
2025-10-12 23:24:40 | DEBUG | 等待 1.42 秒後獲取 民視第一台 節目表
2025-10-12 23:24:41 | SUCCESS | 成功獲取 民視第一台 節目表 (85 個節目)
2025-10-12 23:24:41 | SUCCESS | 成功獲取 民視第一台 節目表 (85 個節目)
2025-10-12 23:24:41 | DEBUG | 等待 1.87 秒後獲取 民視第一台 節目表
2025-10-12 23:24:44 | ERROR | 獲取 民視第一台 節目表失敗. URL: https://www.4gtv.tv/ProgList/media-live003.txt 狀態碼: 200 錯誤: 返回內容不是有效的JSON
2025-10-12 23:24:44 | WARNING | 無法獲取 民視第一台 節目表
2025-10-12 23:24:44 | DEBUG | 等待 1.07 秒後獲取 民視台灣台 節目表
2025-10-12 23:24:45 | ERROR | 獲取 民視台灣台 節目表失敗. URL: https://www.4gtv.tv/ProgList/media-live001.txt 狀態碼: 200 錯誤: 返回內容不是有效的JSON
2025-10-12 23:24:45 | WARNING | 無法獲取 民視台灣台 節目表
2025-10-12 23:24:45 | DEBUG | 等待 1.10 秒後獲取 民視台灣台 節目表
2025-10-12 23:24:47 | SUCCESS | 成功獲取 民視台灣台 節目表 (89 個節目)
2025-10-12 23:24:47 | SUCCESS | 成功獲取 民視台灣台 節目表 (89 個節目)
2025-10-12 23:24:47 | DEBUG | 等待 1.78 秒後獲取 民視 節目表
2025-10-12 23:24:49 | SUCCESS | 成功獲取 民視 節目表 (101 個節目)
2025-10-12 23:24:49 | SUCCESS | 成功獲取 民視 節目表 (101 個節目)
2025-10-12 23:24:49 | DEBUG | 等待 1.55 秒後獲取 民視 節目表
2025-10-12 23:24:51 | ERROR | 獲取 民視 節目表失敗. URL: https://www.4gtv.tv/ProgList/media-live002.txt 狀態碼: 200 錯誤: 返回內容不是有效的JSON
2025-10-12 23:24:51 | WARNING | 無法獲取 民視 節目表
2025-10-12 23:24:51 | DEBUG | 等待 1.90 秒後獲取 大愛電視 節目表
2025-10-12 23:24:53 | SUCCESS | 成功獲取 大愛電視 節目表 (204 個節目)
2025-10-12 23:24:53 | SUCCESS | 成功獲取 大愛電視 節目表 (204 個節目)
2025-10-12 23:24:53 | DEBUG | 等待 2.36 秒後獲取 中視 節目表
2025-10-12 23:24:55 | SUCCESS | 成功獲取 中視 節目表 (84 個節目)
2025-10-12 23:24:55 | SUCCESS | 成功獲取 中視 節目表 (84 個節目)
2025-10-12 23:24:55 | DEBUG | 等待 1.85 秒後獲取 中視經典台 節目表
2025-10-12 23:24:58 | SUCCESS | 成功獲取 中視經典台 節目表 (82 個節目)
2025-10-12 23:24:58 | SUCCESS | 成功獲取 中視經典台 節目表 (82 個節目)
2025-10-12 23:24:58 | DEBUG | 等待 2.63 秒後獲取 華視 節目表
2025-10-12 23:25:01 | SUCCESS | 成功獲取 華視 節目表 (71 個節目)
2025-10-12 23:25:01 | SUCCESS | 成功獲取 華視 節目表 (71 個節目)
2025-10-12 23:25:01 | DEBUG | 等待 1.27 秒後獲取 三立綜合台 節目表
2025-10-12 23:25:02 | SUCCESS | 成功獲取 三立綜合台 節目表 (72 個節目)
2025-10-12 23:25:02 | SUCCESS | 成功獲取 三立綜合台 節目表 (72 個節目)
2025-10-12 23:25:02 | DEBUG | 等待 2.22 秒後獲取 客家電視台 節目表
2025-10-12 23:25:05 | SUCCESS | 成功獲取 客家電視台 節目表 (121 個節目)
2025-10-12 23:25:05 | SUCCESS | 成功獲取 客家電視台 節目表 (121 個節目)
2025-10-12 23:25:05 | DEBUG | 等待 2.51 秒後獲取 八大綜藝台 節目表
2025-10-12 23:25:08 | SUCCESS | 成功獲取 八大綜藝台 節目表 (94 個節目)
2025-10-12 23:25:08 | SUCCESS | 成功獲取 八大綜藝台 節目表 (94 個節目)
2025-10-12 23:25:08 | DEBUG | 等待 1.67 秒後獲取 中視菁采台 節目表
2025-10-12 23:25:10 | SUCCESS | 成功獲取 中視菁采台 節目表 (63 個節目)
2025-10-12 23:25:10 | SUCCESS | 成功獲取 中視菁采台 節目表 (63 個節目)
2025-10-12 23:25:10 | DEBUG | 等待 1.98 秒後獲取 TVBS精采台 節目表
2025-10-12 23:25:12 | SUCCESS | 成功獲取 TVBS精采台 節目表 (72 個節目)
2025-10-12 23:25:12 | SUCCESS | 成功獲取 TVBS精采台 節目表 (72 個節目)
2025-10-12 23:25:12 | DEBUG | 等待 1.66 秒後獲取 愛爾達娛樂台 節目表
2025-10-12 23:25:14 | SUCCESS | 成功獲取 愛爾達娛樂台 節目表 (78 個節目)
2025-10-12 23:25:14 | SUCCESS | 成功獲取 愛爾達娛樂台 節目表 (78 個節目)
2025-10-12 23:25:14 | DEBUG | 等待 1.99 秒後獲取 靖天綜合台 節目表
2025-10-12 23:25:16 | SUCCESS | 成功獲取 靖天綜合台 節目表 (72 個節目)
2025-10-12 23:25:16 | SUCCESS | 成功獲取 靖天綜合台 節目表 (72 個節目)
2025-10-12 23:25:16 | DEBUG | 等待 1.96 秒後獲取 靖天日本台 節目表
2025-10-12 23:25:18 | SUCCESS | 成功獲取 靖天日本台 節目表 (64 個節目)
2025-10-12 23:25:18 | SUCCESS | 成功獲取 靖天日本台 節目表 (64 個節目)
2025-10-12 23:25:18 | DEBUG | 等待 2.83 秒後獲取 新唐人亞太台 節目表
2025-10-12 23:25:21 | SUCCESS | 成功獲取 新唐人亞太台 節目表 (141 個節目)
2025-10-12 23:25:21 | SUCCESS | 成功獲取 新唐人亞太台 節目表 (141 個節目)
2025-10-12 23:25:22 | DEBUG | 等待 2.01 秒後獲取 ARIRANG阿里郎頻道 節目表
2025-10-12 23:25:24 | SUCCESS | 成功獲取 ARIRANG阿里郎頻道 節目表 (179 個節目)
2025-10-12 23:25:24 | SUCCESS | 成功獲取 ARIRANG阿里郎頻道 節目表 (179 個節目)
2025-10-12 23:25:24 | DEBUG | 等待 1.46 秒後獲取 Global Trekker 節目表
2025-10-12 23:25:26 | SUCCESS | 成功獲取 Global Trekker 節目表 (83 個節目)
2025-10-12 23:25:26 | SUCCESS | 成功獲取 Global Trekker 節目表 (83 個節目)
2025-10-12 23:25:26 | DEBUG | 等待 1.93 秒後獲取 原住民族電視台 節目表
2025-10-12 23:25:28 | SUCCESS | 成功獲取 原住民族電視台 節目表 (82 個節目)
2025-10-12 23:25:28 | SUCCESS | 成功獲取 原住民族電視台 節目表 (82 個節目)
2025-10-12 23:25:28 | DEBUG | 等待 1.46 秒後獲取 東森購物四台 節目表
2025-10-12 23:25:30 | SUCCESS | 成功獲取 東森購物四台 節目表 (72 個節目)
2025-10-12 23:25:30 | SUCCESS | 成功獲取 東森購物四台 節目表 (72 個節目)
2025-10-12 23:25:30 | DEBUG | 等待 1.14 秒後獲取 LiveABC互動英語頻道 節目表
2025-10-12 23:25:31 | SUCCESS | 成功獲取 LiveABC互動英語頻道 節目表 (207 個節目)
2025-10-12 23:25:31 | SUCCESS | 成功獲取 LiveABC互動英語頻道 節目表 (207 個節目)
2025-10-12 23:25:31 | DEBUG | 等待 1.76 秒後獲取 達文西頻道 節目表
2025-10-12 23:25:33 | SUCCESS | 成功獲取 達文西頻道 節目表 (331 個節目)
2025-10-12 23:25:33 | SUCCESS | 成功獲取 達文西頻道 節目表 (331 個節目)
2025-10-12 23:25:33 | DEBUG | 等待 1.82 秒後獲取 ELTV生活英語台 節目表
2025-10-12 23:25:35 | SUCCESS | 成功獲取 ELTV生活英語台 節目表 (78 個節目)
2025-10-12 23:25:35 | SUCCESS | 成功獲取 ELTV生活英語台 節目表 (78 個節目)
2025-10-12 23:25:35 | DEBUG | 等待 1.37 秒後獲取 Nick Jr. 兒童頻道 節目表
2025-10-12 23:25:37 | SUCCESS | 成功獲取 Nick Jr. 兒童頻道 節目表 (309 個節目)
2025-10-12 23:25:37 | SUCCESS | 成功獲取 Nick Jr. 兒童頻道 節目表 (309 個節目)
2025-10-12 23:25:37 | DEBUG | 等待 1.68 秒後獲取 尼克兒童頻道 節目表
2025-10-12 23:25:39 | SUCCESS | 成功獲取 尼克兒童頻道 節目表 (204 個節目)
2025-10-12 23:25:39 | SUCCESS | 成功獲取 尼克兒童頻道 節目表 (204 個節目)
2025-10-12 23:25:39 | DEBUG | 等待 2.70 秒後獲取 DreamWorks 夢工廠動畫 節目表
2025-10-12 23:25:42 | SUCCESS | 成功獲取 DreamWorks 夢工廠動畫 節目表 (180 個節目)
2025-10-12 23:25:42 | SUCCESS | 成功獲取 DreamWorks 夢工廠動畫 節目表 (180 個節目)
2025-10-12 23:25:42 | DEBUG | 等待 1.94 秒後獲取 靖天卡通台 節目表
2025-10-12 23:25:44 | SUCCESS | 成功獲取 靖天卡通台 節目表 (144 個節目)
2025-10-12 23:25:44 | SUCCESS | 成功獲取 靖天卡通台 節目表 (144 個節目)
2025-10-12 23:25:44 | DEBUG | 等待 1.44 秒後獲取 靖洋卡通Nice Bingo 節目表
2025-10-12 23:25:46 | SUCCESS | 成功獲取 靖洋卡通Nice Bingo 節目表 (144 個節目)
2025-10-12 23:25:46 | SUCCESS | 成功獲取 靖洋卡通Nice Bingo 節目表 (144 個節目)
2025-10-12 23:25:46 | DEBUG | 等待 2.85 秒後獲取 MOMO親子台 節目表
2025-10-12 23:25:49 | SUCCESS | 成功獲取 MOMO親子台 節目表 (216 個節目)
2025-10-12 23:25:49 | SUCCESS | 成功獲取 MOMO親子台 節目表 (216 個節目)
2025-10-12 23:25:49 | DEBUG | 等待 2.24 秒後獲取 東森購物一台 節目表
2025-10-12 23:25:52 | SUCCESS | 成功獲取 東森購物一台 節目表 (72 個節目)
2025-10-12 23:25:52 | SUCCESS | 成功獲取 東森購物一台 節目表 (72 個節目)
2025-10-12 23:25:52 | DEBUG | 等待 1.98 秒後獲取 鏡電視新聞台 節目表
2025-10-12 23:25:54 | SUCCESS | 成功獲取 鏡電視新聞台 節目表 (73 個節目)
2025-10-12 23:25:54 | SUCCESS | 成功獲取 鏡電視新聞台 節目表 (73 個節目)
2025-10-12 23:25:54 | DEBUG | 等待 1.89 秒後獲取 東森新聞台 節目表
2025-10-12 23:25:56 | SUCCESS | 成功獲取 東森新聞台 節目表 (36 個節目)
2025-10-12 23:25:56 | SUCCESS | 成功獲取 東森新聞台 節目表 (36 個節目)
2025-10-12 23:25:56 | DEBUG | 等待 2.50 秒後獲取 華視新聞 節目表
2025-10-12 23:25:59 | SUCCESS | 成功獲取 華視新聞 節目表 (67 個節目)
2025-10-12 23:25:59 | SUCCESS | 成功獲取 華視新聞 節目表 (67 個節目)
2025-10-12 23:25:59 | DEBUG | 等待 1.30 秒後獲取 民視新聞台 節目表
2025-10-12 23:26:01 | SUCCESS | 成功獲取 民視新聞台 節目表 (72 個節目)
2025-10-12 23:26:01 | SUCCESS | 成功獲取 民視新聞台 節目表 (72 個節目)
2025-10-12 23:26:01 | DEBUG | 等待 2.82 秒後獲取 民視新聞台 節目表
2025-10-12 23:26:04 | ERROR | 獲取 民視新聞台 節目表失敗. URL: https://www.4gtv.tv/ProgList/media-live013.txt 狀態碼: 200 錯誤: 返回內容不是有效的JSON
2025-10-12 23:26:04 | WARNING | 無法獲取 民視新聞台 節目表
2025-10-12 23:26:04 | DEBUG | 等待 1.42 秒後獲取 三立新聞iNEWS 節目表
2025-10-12 23:26:05 | SUCCESS | 成功獲取 三立新聞iNEWS 節目表 (65 個節目)
2025-10-12 23:26:05 | SUCCESS | 成功獲取 三立新聞iNEWS 節目表 (65 個節目)
2025-10-12 23:26:05 | DEBUG | 等待 2.09 秒後獲取 TVBS新聞 節目表
2025-10-12 23:26:08 | SUCCESS | 成功獲取 TVBS新聞 節目表 (72 個節目)
2025-10-12 23:26:08 | SUCCESS | 成功獲取 TVBS新聞 節目表 (72 個節目)
2025-10-12 23:26:08 | DEBUG | 等待 2.77 秒後獲取 東森財經新聞台 節目表
2025-10-12 23:26:11 | SUCCESS | 成功獲取 東森財經新聞台 節目表 (59 個節目)
2025-10-12 23:26:11 | SUCCESS | 成功獲取 東森財經新聞台 節目表 (59 個節目)
2025-10-12 23:26:11 | DEBUG | 等待 2.29 秒後獲取 中視新聞 節目表
2025-10-12 23:26:13 | SUCCESS | 成功獲取 中視新聞 節目表 (72 個節目)
2025-10-12 23:26:13 | SUCCESS | 成功獲取 中視新聞 節目表 (72 個節目)
2025-10-12 23:26:13 | DEBUG | 等待 2.92 秒後獲取 中天新聞台 節目表
2025-10-12 23:26:17 | SUCCESS | 成功獲取 中天新聞台 節目表 (72 個節目)
2025-10-12 23:26:17 | SUCCESS | 成功獲取 中天新聞台 節目表 (72 個節目)
2025-10-12 23:26:17 | DEBUG | 等待 2.07 秒後獲取 Bloomberg TV 節目表
2025-10-12 23:26:19 | SUCCESS | 成功獲取 Bloomberg TV 節目表 (64 個節目)
2025-10-12 23:26:19 | SUCCESS | 成功獲取 Bloomberg TV 節目表 (64 個節目)
2025-10-12 23:26:19 | DEBUG | 等待 2.72 秒後獲取 寰宇新聞台 節目表
2025-10-12 23:26:22 | SUCCESS | 成功獲取 寰宇新聞台 節目表 (72 個節目)
2025-10-12 23:26:22 | SUCCESS | 成功獲取 寰宇新聞台 節目表 (72 個節目)
2025-10-12 23:26:22 | DEBUG | 等待 2.55 秒後獲取 寰宇新聞台灣台 節目表
2025-10-12 23:26:25 | SUCCESS | 成功獲取 寰宇新聞台灣台 節目表 (72 個節目)
2025-10-12 23:26:25 | SUCCESS | 成功獲取 寰宇新聞台灣台 節目表 (72 個節目)
2025-10-12 23:26:25 | DEBUG | 等待 1.13 秒後獲取 SBN全球財經台 節目表
2025-10-12 23:26:26 | SUCCESS | 成功獲取 SBN全球財經台 節目表 (144 個節目)
2025-10-12 23:26:26 | SUCCESS | 成功獲取 SBN全球財經台 節目表 (144 個節目)
2025-10-12 23:26:26 | DEBUG | 等待 1.21 秒後獲取 TVBS 節目表
2025-10-12 23:26:28 | SUCCESS | 成功獲取 TVBS 節目表 (72 個節目)
2025-10-12 23:26:28 | SUCCESS | 成功獲取 TVBS 節目表 (72 個節目)
2025-10-12 23:26:28 | DEBUG | 等待 2.40 秒後獲取 東森購物二台 節目表
2025-10-12 23:26:31 | SUCCESS | 成功獲取 東森購物二台 節目表 (72 個節目)
2025-10-12 23:26:31 | SUCCESS | 成功獲取 東森購物二台 節目表 (72 個節目)
2025-10-12 23:26:31 | DEBUG | 等待 2.85 秒後獲取 民視綜藝台 節目表
2025-10-12 23:26:34 | SUCCESS | 成功獲取 民視綜藝台 節目表 (55 個節目)
2025-10-12 23:26:34 | SUCCESS | 成功獲取 民視綜藝台 節目表 (55 個節目)
2025-10-12 23:26:34 | DEBUG | 等待 2.80 秒後獲取 豬哥亮歌廳秀 節目表
2025-10-12 23:26:37 | SUCCESS | 成功獲取 豬哥亮歌廳秀 節目表 (68 個節目)
2025-10-12 23:26:37 | SUCCESS | 成功獲取 豬哥亮歌廳秀 節目表 (68 個節目)
2025-10-12 23:26:37 | DEBUG | 等待 2.15 秒後獲取 靖天育樂台 節目表
2025-10-12 23:26:39 | SUCCESS | 成功獲取 靖天育樂台 節目表 (73 個節目)
2025-10-12 23:26:39 | SUCCESS | 成功獲取 靖天育樂台 節目表 (73 個節目)
2025-10-12 23:26:39 | DEBUG | 等待 2.92 秒後獲取 KLT-靖天國際台 節目表
2025-10-12 23:26:43 | SUCCESS | 成功獲取 KLT-靖天國際台 節目表 (144 個節目)
2025-10-12 23:26:43 | SUCCESS | 成功獲取 KLT-靖天國際台 節目表 (144 個節目)
2025-10-12 23:26:43 | DEBUG | 等待 1.38 秒後獲取 Nice TV 靖天歡樂台 節目表
2025-10-12 23:26:44 | SUCCESS | 成功獲取 Nice TV 靖天歡樂台 節目表 (66 個節目)
2025-10-12 23:26:44 | SUCCESS | 成功獲取 Nice TV 靖天歡樂台 節目表 (66 個節目)
2025-10-12 23:26:44 | DEBUG | 等待 2.14 秒後獲取 靖天資訊台 節目表
2025-10-12 23:26:47 | SUCCESS | 成功獲取 靖天資訊台 節目表 (79 個節目)
2025-10-12 23:26:47 | SUCCESS | 成功獲取 靖天資訊台 節目表 (79 個節目)
2025-10-12 23:26:47 | DEBUG | 等待 1.98 秒後獲取 TVBS歡樂台 節目表
2025-10-12 23:26:49 | SUCCESS | 成功獲取 TVBS歡樂台 節目表 (72 個節目)
2025-10-12 23:26:49 | SUCCESS | 成功獲取 TVBS歡樂台 節目表 (72 個節目)
2025-10-12 23:26:49 | DEBUG | 等待 2.92 秒後獲取 韓國娛樂台 KMTV 節目表
2025-10-12 23:26:52 | SUCCESS | 成功獲取 韓國娛樂台 KMTV 節目表 (120 個節目)
2025-10-12 23:26:52 | SUCCESS | 成功獲取 韓國娛樂台 KMTV 節目表 (120 個節目)
2025-10-12 23:26:52 | DEBUG | 等待 1.26 秒後獲取 ROCK Entertainment 節目表
2025-10-12 23:26:54 | SUCCESS | 成功獲取 ROCK Entertainment 節目表 (83 個節目)
2025-10-12 23:26:54 | SUCCESS | 成功獲取 ROCK Entertainment 節目表 (83 個節目)
2025-10-12 23:26:54 | DEBUG | 等待 1.35 秒後獲取 Lifetime 娛樂頻道 節目表
2025-10-12 23:26:56 | SUCCESS | 成功獲取 Lifetime 娛樂頻道 節目表 (71 個節目)
2025-10-12 23:26:56 | SUCCESS | 成功獲取 Lifetime 娛樂頻道 節目表 (71 個節目)
2025-10-12 23:26:56 | DEBUG | 等待 2.41 秒後獲取 電影原聲台CMusic 節目表
2025-10-12 23:26:58 | SUCCESS | 成功獲取 電影原聲台CMusic 節目表 (1370 個節目)
2025-10-12 23:26:58 | SUCCESS | 成功獲取 電影原聲台CMusic 節目表 (1370 個節目)
2025-10-12 23:26:58 | DEBUG | 等待 1.99 秒後獲取 TRACE Urban 節目表
2025-10-12 23:27:01 | SUCCESS | 成功獲取 TRACE Urban 節目表 (29 個節目)
2025-10-12 23:27:01 | SUCCESS | 成功獲取 TRACE Urban 節目表 (29 個節目)
2025-10-12 23:27:01 | DEBUG | 等待 2.93 秒後獲取 MTV Live HD 音樂頻道 節目表
2025-10-12 23:27:04 | SUCCESS | 成功獲取 MTV Live HD 音樂頻道 節目表 (79 個節目)
2025-10-12 23:27:04 | SUCCESS | 成功獲取 MTV Live HD 音樂頻道 節目表 (79 個節目)
2025-10-12 23:27:04 | DEBUG | 等待 2.39 秒後獲取 Mezzo Live HD 節目表
2025-10-12 23:27:07 | SUCCESS | 成功獲取 Mezzo Live HD 節目表 (54 個節目)
2025-10-12 23:27:07 | SUCCESS | 成功獲取 Mezzo Live HD 節目表 (54 個節目)
2025-10-12 23:27:07 | DEBUG | 等待 2.91 秒後獲取 CLASSICA 古典樂 節目表
2025-10-12 23:27:10 | SUCCESS | 成功獲取 CLASSICA 古典樂 節目表 (78 個節目)
2025-10-12 23:27:10 | SUCCESS | 成功獲取 CLASSICA 古典樂 節目表 (78 個節目)
2025-10-12 23:27:10 | DEBUG | 等待 1.83 秒後獲取 東森購物三台 節目表
2025-10-12 23:27:12 | SUCCESS | 成功獲取 東森購物三台 節目表 (72 個節目)
2025-10-12 23:27:12 | SUCCESS | 成功獲取 東森購物三台 節目表 (72 個節目)
2025-10-12 23:27:12 | DEBUG | 等待 1.46 秒後獲取 INULTRA 節目表
2025-10-12 23:27:14 | SUCCESS | 成功獲取 INULTRA 節目表 (113 個節目)
2025-10-12 23:27:14 | SUCCESS | 成功獲取 INULTRA 節目表 (113 個節目)
2025-10-12 23:27:14 | DEBUG | 等待 2.01 秒後獲取 TRACE Sport Stars 節目表
2025-10-12 23:27:16 | SUCCESS | 成功獲取 TRACE Sport Stars 節目表 (144 個節目)
2025-10-12 23:27:16 | SUCCESS | 成功獲取 TRACE Sport Stars 節目表 (144 個節目)
2025-10-12 23:27:16 | DEBUG | 等待 2.13 秒後獲取 智林體育台 節目表
2025-10-12 23:27:19 | SUCCESS | 成功獲取 智林體育台 節目表 (30 個節目)
2025-10-12 23:27:19 | SUCCESS | 成功獲取 智林體育台 節目表 (30 個節目)
2025-10-12 23:27:19 | DEBUG | 等待 1.65 秒後獲取 時尚運動X 節目表
2025-10-12 23:27:21 | SUCCESS | 成功獲取 時尚運動X 節目表 (248 個節目)
2025-10-12 23:27:21 | SUCCESS | 成功獲取 時尚運動X 節目表 (248 個節目)
2025-10-12 23:27:21 | DEBUG | 等待 2.10 秒後獲取 車迷TV 節目表
2025-10-12 23:27:23 | SUCCESS | 成功獲取 車迷TV 節目表 (119 個節目)
2025-10-12 23:27:23 | SUCCESS | 成功獲取 車迷TV 節目表 (119 個節目)
2025-10-12 23:27:23 | DEBUG | 等待 2.78 秒後獲取 GINX Esports TV 節目表
2025-10-12 23:27:26 | SUCCESS | 成功獲取 GINX Esports TV 節目表 (78 個節目)
2025-10-12 23:27:26 | SUCCESS | 成功獲取 GINX Esports TV 節目表 (78 個節目)
2025-10-12 23:27:26 | DEBUG | 等待 1.22 秒後獲取 Pet Club TV 節目表
2025-10-12 23:27:28 | SUCCESS | 成功獲取 Pet Club TV 節目表 (81 個節目)
2025-10-12 23:27:28 | SUCCESS | 成功獲取 Pet Club TV 節目表 (81 個節目)
2025-10-12 23:27:28 | DEBUG | 等待 1.39 秒後獲取 民視旅遊台 節目表
2025-10-12 23:27:29 | SUCCESS | 成功獲取 民視旅遊台 節目表 (153 個節目)
2025-10-12 23:27:29 | SUCCESS | 成功獲取 民視旅遊台 節目表 (153 個節目)
2025-10-12 23:27:29 | DEBUG | 等待 2.34 秒後獲取 滾動力rollor 節目表
2025-10-12 23:27:32 | SUCCESS | 成功獲取 滾動力rollor 節目表 (72 個節目)
2025-10-12 23:27:32 | SUCCESS | 成功獲取 滾動力rollor 節目表 (72 個節目)
2025-10-12 23:27:32 | DEBUG | 等待 2.49 秒後獲取 亞洲旅遊台 節目表
2025-10-12 23:27:35 | SUCCESS | 成功獲取 亞洲旅遊台 節目表 (72 個節目)
2025-10-12 23:27:35 | SUCCESS | 成功獲取 亞洲旅遊台 節目表 (72 個節目)
2025-10-12 23:27:35 | DEBUG | 等待 1.19 秒後獲取 fun探索娛樂台 節目表
2025-10-12 23:27:36 | SUCCESS | 成功獲取 fun探索娛樂台 節目表 (70 個節目)
2025-10-12 23:27:36 | SUCCESS | 成功獲取 fun探索娛樂台 節目表 (70 個節目)
2025-10-12 23:27:36 | DEBUG | 等待 2.54 秒後獲取 幸福空間居家台 節目表
2025-10-12 23:27:39 | SUCCESS | 成功獲取 幸福空間居家台 節目表 (72 個節目)
2025-10-12 23:27:39 | SUCCESS | 成功獲取 幸福空間居家台 節目表 (72 個節目)
2025-10-12 23:27:39 | DEBUG | 等待 1.94 秒後獲取 Love Nature 節目表
2025-10-12 23:27:41 | SUCCESS | 成功獲取 Love Nature 節目表 (81 個節目)
2025-10-12 23:27:41 | SUCCESS | 成功獲取 Love Nature 節目表 (81 個節目)
2025-10-12 23:27:41 | DEBUG | 等待 1.13 秒後獲取 History 歷史頻道 節目表
2025-10-12 23:27:43 | SUCCESS | 成功獲取 History 歷史頻道 節目表 (78 個節目)
2025-10-12 23:27:43 | SUCCESS | 成功獲取 History 歷史頻道 節目表 (78 個節目)
2025-10-12 23:27:43 | DEBUG | 等待 2.64 秒後獲取 愛爾達生活旅遊台 節目表
2025-10-12 23:27:46 | SUCCESS | 成功獲取 愛爾達生活旅遊台 節目表 (108 個節目)
2025-10-12 23:27:46 | SUCCESS | 成功獲取 愛爾達生活旅遊台 節目表 (108 個節目)
2025-10-12 23:27:46 | DEBUG | 等待 2.22 秒後獲取 LUXE TV Channel 節目表
2025-10-12 23:27:48 | SUCCESS | 成功獲取 LUXE TV Channel 節目表 (178 個節目)
2025-10-12 23:27:48 | SUCCESS | 成功獲取 LUXE TV Channel 節目表 (178 個節目)
2025-10-12 23:27:48 | DEBUG | 等待 1.21 秒後獲取 TV5MONDE STYLE HD 生活時尚 節目表
2025-10-12 23:27:50 | SUCCESS | 成功獲取 TV5MONDE STYLE HD 生活時尚 節目表 (136 個節目)
2025-10-12 23:27:50 | SUCCESS | 成功獲取 TV5MONDE STYLE HD 生活時尚 節目表 (136 個節目)
2025-10-12 23:27:50 | DEBUG | 等待 2.38 秒後獲取 MagellanTV頻道 (麥哲倫頻道)  節目表
2025-10-12 23:27:53 | SUCCESS | 成功獲取 MagellanTV頻道 (麥哲倫頻道)  節目表 (88 個節目)
2025-10-12 23:27:53 | SUCCESS | 成功獲取 MagellanTV頻道 (麥哲倫頻道)  節目表 (88 個節目)
2025-10-12 23:27:53 | DEBUG | 等待 2.84 秒後獲取 公視戲劇 節目表
2025-10-12 23:27:56 | SUCCESS | 成功獲取 公視戲劇 節目表 (48 個節目)
2025-10-12 23:27:56 | SUCCESS | 成功獲取 公視戲劇 節目表 (48 個節目)
2025-10-12 23:27:56 | DEBUG | 等待 1.76 秒後獲取 民視影劇台 節目表
2025-10-12 23:27:58 | SUCCESS | 成功獲取 民視影劇台 節目表 (62 個節目)
2025-10-12 23:27:58 | SUCCESS | 成功獲取 民視影劇台 節目表 (62 個節目)
2025-10-12 23:27:58 | DEBUG | 等待 2.79 秒後獲取 HITS頻道 節目表
2025-10-12 23:28:01 | SUCCESS | 成功獲取 HITS頻道 節目表 (89 個節目)
2025-10-12 23:28:01 | SUCCESS | 成功獲取 HITS頻道 節目表 (89 個節目)
2025-10-12 23:28:01 | DEBUG | 等待 2.80 秒後獲取 八大精彩台 節目表
2025-10-12 23:28:04 | SUCCESS | 成功獲取 八大精彩台 節目表 (72 個節目)
2025-10-12 23:28:04 | SUCCESS | 成功獲取 八大精彩台 節目表 (72 個節目)
2025-10-12 23:28:04 | DEBUG | 等待 2.78 秒後獲取 霹靂布袋戲 節目表
2025-10-12 23:28:07 | SUCCESS | 成功獲取 霹靂布袋戲 節目表 (60 個節目)
2025-10-12 23:28:07 | SUCCESS | 成功獲取 霹靂布袋戲 節目表 (60 個節目)
2025-10-12 23:28:07 | DEBUG | 等待 1.78 秒後獲取 靖天戲劇台 節目表
2025-10-12 23:28:09 | SUCCESS | 成功獲取 靖天戲劇台 節目表 (72 個節目)
2025-10-12 23:28:09 | SUCCESS | 成功獲取 靖天戲劇台 節目表 (72 個節目)
2025-10-12 23:28:09 | DEBUG | 等待 2.39 秒後獲取 靖洋戲劇台 節目表
2025-10-12 23:28:12 | SUCCESS | 成功獲取 靖洋戲劇台 節目表 (72 個節目)
2025-10-12 23:28:12 | SUCCESS | 成功獲取 靖洋戲劇台 節目表 (72 個節目)
2025-10-12 23:28:12 | DEBUG | 等待 1.98 秒後獲取 CI 罪案偵查頻道 節目表
2025-10-12 23:28:14 | SUCCESS | 成功獲取 CI 罪案偵查頻道 節目表 (84 個節目)
2025-10-12 23:28:14 | SUCCESS | 成功獲取 CI 罪案偵查頻道 節目表 (84 個節目)
2025-10-12 23:28:14 | DEBUG | 等待 2.43 秒後獲取 視納華仁紀實頻道 節目表
2025-10-12 23:28:17 | SUCCESS | 成功獲取 視納華仁紀實頻道 節目表 (96 個節目)
2025-10-12 23:28:17 | SUCCESS | 成功獲取 視納華仁紀實頻道 節目表 (96 個節目)
2025-10-12 23:28:17 | DEBUG | 等待 1.59 秒後獲取 影迷數位紀實台 節目表
2025-10-12 23:28:19 | SUCCESS | 成功獲取 影迷數位紀實台 節目表 (90 個節目)
2025-10-12 23:28:19 | SUCCESS | 成功獲取 影迷數位紀實台 節目表 (90 個節目)
2025-10-12 23:28:19 | DEBUG | 等待 2.28 秒後獲取 金光布袋戲 節目表
2025-10-12 23:28:21 | SUCCESS | 成功獲取 金光布袋戲 節目表 (48 個節目)
2025-10-12 23:28:21 | SUCCESS | 成功獲取 金光布袋戲 節目表 (48 個節目)
2025-10-12 23:28:21 | DEBUG | 等待 1.97 秒後獲取 ROCK Action 節目表
2025-10-12 23:28:24 | SUCCESS | 成功獲取 ROCK Action 節目表 (38 個節目)
2025-10-12 23:28:24 | SUCCESS | 成功獲取 ROCK Action 節目表 (38 個節目)
2025-10-12 23:28:24 | DEBUG | 等待 1.20 秒後獲取 采昌影劇台 節目表
2025-10-12 23:28:25 | SUCCESS | 成功獲取 采昌影劇台 節目表 (49 個節目)
2025-10-12 23:28:25 | SUCCESS | 成功獲取 采昌影劇台 節目表 (49 個節目)
2025-10-12 23:28:25 | DEBUG | 等待 2.42 秒後獲取 靖天映畫 節目表
2025-10-12 23:28:28 | SUCCESS | 成功獲取 靖天映畫 節目表 (36 個節目)
2025-10-12 23:28:28 | SUCCESS | 成功獲取 靖天映畫 節目表 (36 個節目)
2025-10-12 23:28:28 | DEBUG | 等待 1.96 秒後獲取 靖天電影台 節目表
2025-10-12 23:28:30 | SUCCESS | 成功獲取 靖天電影台 節目表 (39 個節目)
2025-10-12 23:28:30 | SUCCESS | 成功獲取 靖天電影台 節目表 (39 個節目)
2025-10-12 23:28:30 | DEBUG | 等待 2.73 秒後獲取 影迷數位電影台 節目表
2025-10-12 23:28:33 | SUCCESS | 成功獲取 影迷數位電影台 節目表 (40 個節目)
2025-10-12 23:28:33 | SUCCESS | 成功獲取 影迷數位電影台 節目表 (40 個節目)
2025-10-12 23:28:33 | DEBUG | 等待 2.26 秒後獲取 amc電影台 節目表
2025-10-12 23:28:36 | SUCCESS | 成功獲取 amc電影台 節目表 (46 個節目)
2025-10-12 23:28:36 | SUCCESS | 成功獲取 amc電影台 節目表 (46 個節目)
2025-10-12 23:28:36 | DEBUG | 等待 1.90 秒後獲取 CinemaWorld 節目表
2025-10-12 23:28:38 | SUCCESS | 成功獲取 CinemaWorld 節目表 (47 個節目)
2025-10-12 23:28:38 | SUCCESS | 成功獲取 CinemaWorld 節目表 (47 個節目)
2025-10-12 23:28:38 | DEBUG | 等待 2.33 秒後獲取 My Cinema Europe HD 我的歐洲電影 節目表
2025-10-12 23:28:41 | SUCCESS | 成功獲取 My Cinema Europe HD 我的歐洲電影 節目表 (45 個節目)
2025-10-12 23:28:41 | SUCCESS | 成功獲取 My Cinema Europe HD 我的歐洲電影 節目表 (45 個節目)
2025-10-12 23:28:41 | DEBUG | 等待 2.90 秒後獲取 好消息 節目表
2025-10-12 23:28:44 | SUCCESS | 成功獲取 好消息 節目表 (169 個節目)
2025-10-12 23:28:44 | SUCCESS | 成功獲取 好消息 節目表 (169 個節目)
2025-10-12 23:28:44 | DEBUG | 等待 2.40 秒後獲取 好消息2台 節目表
2025-10-12 23:28:47 | SUCCESS | 成功獲取 好消息2台 節目表 (132 個節目)
2025-10-12 23:28:47 | SUCCESS | 成功獲取 好消息2台 節目表 (132 個節目)
2025-10-12 23:28:47 | DEBUG | 等待 2.61 秒後獲取 大愛二台 節目表
2025-10-12 23:28:49 | SUCCESS | 成功獲取 大愛二台 節目表 (150 個節目)
2025-10-12 23:28:49 | SUCCESS | 成功獲取 大愛二台 節目表 (150 個節目)
2025-10-12 23:28:49 | DEBUG | 等待 1.80 秒後獲取 人間衛視 節目表
2025-10-12 23:28:52 | SUCCESS | 成功獲取 人間衛視 節目表 (93 個節目)
2025-10-12 23:28:52 | SUCCESS | 成功獲取 人間衛視 節目表 (93 個節目)
2025-10-12 23:28:52 | DEBUG | 等待 2.94 秒後獲取 NHK WORLD-JAPAN 節目表
2025-10-12 23:28:55 | SUCCESS | 成功獲取 NHK WORLD-JAPAN 節目表 (235 個節目)
2025-10-12 23:28:55 | SUCCESS | 成功獲取 NHK WORLD-JAPAN 節目表 (235 個節目)
2025-10-12 23:28:55 | DEBUG | 等待 2.21 秒後獲取 FRANCE24 英文台 節目表
2025-10-12 23:28:57 | SUCCESS | 成功獲取 FRANCE24 英文台 節目表 (363 個節目)
2025-10-12 23:28:57 | SUCCESS | 成功獲取 FRANCE24 英文台 節目表 (363 個節目)
2025-10-12 23:28:57 | DEBUG | 等待 1.56 秒後獲取 半島國際新聞台 節目表
2025-10-12 23:28:59 | SUCCESS | 成功獲取 半島國際新聞台 節目表 (111 個節目)
2025-10-12 23:28:59 | SUCCESS | 成功獲取 半島國際新聞台 節目表 (111 個節目)
2025-10-12 23:28:59 | DEBUG | 等待 1.21 秒後獲取 CNBC Asia 財經台 節目表
2025-10-12 23:29:01 | SUCCESS | 成功獲取 CNBC Asia 財經台 節目表 (136 個節目)
2025-10-12 23:29:01 | SUCCESS | 成功獲取 CNBC Asia 財經台 節目表 (136 個節目)
2025-10-12 23:29:01 | DEBUG | 等待 2.05 秒後獲取 DW德國之聲 節目表
2025-10-12 23:29:03 | SUCCESS | 成功獲取 DW德國之聲 節目表 (186 個節目)
2025-10-12 23:29:03 | SUCCESS | 成功獲取 DW德國之聲 節目表 (186 個節目)
2025-10-12 23:29:03 | DEBUG | 等待 1.58 秒後獲取 國會頻道1 節目表
2025-10-12 23:29:05 | SUCCESS | 成功獲取 國會頻道1 節目表 (12 個節目)
2025-10-12 23:29:05 | SUCCESS | 成功獲取 國會頻道1 節目表 (12 個節目)
2025-10-12 23:29:05 | DEBUG | 等待 1.55 秒後獲取 國會頻道2 節目表
2025-10-12 23:29:07 | SUCCESS | 成功獲取 國會頻道2 節目表 (12 個節目)
2025-10-12 23:29:07 | SUCCESS | 成功獲取 國會頻道2 節目表 (12 個節目)
2025-10-12 23:29:07 | DEBUG | 等待 1.93 秒後獲取 TVBS綜藝台 節目表
2025-10-12 23:29:09 | SUCCESS | 成功獲取 TVBS綜藝台 節目表 (72 個節目)
2025-10-12 23:29:09 | SUCCESS | 成功獲取 TVBS綜藝台 節目表 (72 個節目)
2025-10-12 23:29:09 | DEBUG | 等待 2.64 秒後獲取 TVBS台劇台 節目表
2025-10-12 23:29:12 | SUCCESS | 成功獲取 TVBS台劇台 節目表 (72 個節目)
2025-10-12 23:29:12 | SUCCESS | 成功獲取 TVBS台劇台 節目表 (72 個節目)
2025-10-12 23:29:12 | DEBUG | 等待 2.31 秒後獲取 經典電影台 節目表
2025-10-12 23:29:15 | SUCCESS | 成功獲取 經典電影台 節目表 (28 個節目)
2025-10-12 23:29:15 | SUCCESS | 成功獲取 經典電影台 節目表 (28 個節目)
2025-10-12 23:29:15 | DEBUG | 等待 1.77 秒後獲取 經典卡通台 節目表
2025-10-12 23:29:17 | SUCCESS | 成功獲取 經典卡通台 節目表 (56 個節目)
2025-10-12 23:29:17 | SUCCESS | 成功獲取 經典卡通台 節目表 (56 個節目)
2025-10-12 23:29:17 | DEBUG | 等待 3.00 秒後獲取 精選動漫台 節目表
2025-10-12 23:29:20 | SUCCESS | 成功獲取 精選動漫台 節目表 (192 個節目)
2025-10-12 23:29:20 | SUCCESS | 成功獲取 精選動漫台 節目表 (192 個節目)
2025-10-12 23:29:20 | DEBUG | 等待 2.19 秒後獲取 戲劇免費看 1台 節目表
2025-10-12 23:29:23 | SUCCESS | 成功獲取 戲劇免費看 1台 節目表 (108 個節目)
2025-10-12 23:29:23 | SUCCESS | 成功獲取 戲劇免費看 1台 節目表 (108 個節目)
2025-10-12 23:29:23 | INFO | 共獲取 119 個頻道, 12572 個節目
2025-10-12 23:29:23 | INFO | 電子節目表單已生成: /home/runner/work/EPG/EPG/output/4g.xml
2025-10-12 23:29:23 | SUCCESS | EPG生成完成: /home/runner/work/EPG/EPG/output/4g.xml
2025-10-13 01:24:01 | INFO | ==================================================
2025-10-13 01:24:01 | INFO | 開始生成四季線上電子節目表單
2025-10-13 01:24:01 | INFO | 開始時間: 2025-10-13 01:24:01
2025-10-13 01:24:01 | INFO | 輸出目錄: /home/runner/work/EPG/EPG/output
2025-10-13 01:24:01 | INFO | 正在獲取 四季線上 電子節目表
2025-10-13 01:24:01 | INFO | 從本地檔案讀取頻道列表: /home/runner/work/EPG/EPG/output/fourgtv.json
2025-10-13 01:24:01 | DEBUG | 等待 2.65 秒後獲取 民視第一台 節目表
2025-10-13 01:24:04 | SUCCESS | 成功獲取 民視第一台 節目表 (85 個節目)
2025-10-13 01:24:04 | SUCCESS | 成功獲取 民視第一台 節目表 (85 個節目)
2025-10-13 01:24:04 | DEBUG | 等待 1.03 秒後獲取 民視台灣台 節目表
2025-10-13 01:24:06 | SUCCESS | 成功獲取 民視台灣台 節目表 (89 個節目)
2025-10-13 01:24:06 | SUCCESS | 成功獲取 民視台灣台 節目表 (89 個節目)
2025-10-13 01:24:06 | DEBUG | 等待 1.22 秒後獲取 民視 節目表
2025-10-13 01:24:07 | SUCCESS | 成功獲取 民視 節目表 (101 個節目)
2025-10-13 01:24:07 | SUCCESS | 成功獲取 民視 節目表 (101 個節目)
2025-10-13 01:24:07 | DEBUG | 等待 2.51 秒後獲取 大愛電視 節目表
2025-10-13 01:24:10 | SUCCESS | 成功獲取 大愛電視 節目表 (204 個節目)
2025-10-13 01:24:10 | SUCCESS | 成功獲取 大愛電視 節目表 (204 個節目)
2025-10-13 01:24:10 | DEBUG | 等待 1.49 秒後獲取 中視 節目表
2025-10-13 01:24:12 | SUCCESS | 成功獲取 中視 節目表 (84 個節目)
2025-10-13 01:24:12 | SUCCESS | 成功獲取 中視 節目表 (84 個節目)
2025-10-13 01:24:12 | DEBUG | 等待 2.35 秒後獲取 中視經典台 節目表
2025-10-13 01:24:15 | SUCCESS | 成功獲取 中視經典台 節目表 (82 個節目)
2025-10-13 01:24:15 | SUCCESS | 成功獲取 中視經典台 節目表 (82 個節目)
2025-10-13 01:24:15 | DEBUG | 等待 1.84 秒後獲取 華視 節目表
2025-10-13 01:24:17 | SUCCESS | 成功獲取 華視 節目表 (71 個節目)
2025-10-13 01:24:17 | SUCCESS | 成功獲取 華視 節目表 (71 個節目)
2025-10-13 01:24:17 | DEBUG | 等待 2.65 秒後獲取 三立綜合台 節目表
2025-10-13 01:24:20 | SUCCESS | 成功獲取 三立綜合台 節目表 (72 個節目)
2025-10-13 01:24:20 | SUCCESS | 成功獲取 三立綜合台 節目表 (72 個節目)
2025-10-13 01:24:20 | DEBUG | 等待 2.92 秒後獲取 客家電視台 節目表
2025-10-13 01:24:24 | SUCCESS | 成功獲取 客家電視台 節目表 (121 個節目)
2025-10-13 01:24:24 | SUCCESS | 成功獲取 客家電視台 節目表 (121 個節目)
2025-10-13 01:24:24 | DEBUG | 等待 2.31 秒後獲取 八大綜藝台 節目表
2025-10-13 01:24:26 | SUCCESS | 成功獲取 八大綜藝台 節目表 (94 個節目)
2025-10-13 01:24:26 | SUCCESS | 成功獲取 八大綜藝台 節目表 (94 個節目)
2025-10-13 01:24:26 | DEBUG | 等待 1.85 秒後獲取 中視菁采台 節目表
2025-10-13 01:24:29 | SUCCESS | 成功獲取 中視菁采台 節目表 (63 個節目)
2025-10-13 01:24:29 | SUCCESS | 成功獲取 中視菁采台 節目表 (63 個節目)
2025-10-13 01:24:29 | DEBUG | 等待 1.06 秒後獲取 TVBS精采台 節目表
2025-10-13 01:24:30 | SUCCESS | 成功獲取 TVBS精采台 節目表 (72 個節目)
2025-10-13 01:24:30 | SUCCESS | 成功獲取 TVBS精采台 節目表 (72 個節目)
2025-10-13 01:24:30 | DEBUG | 等待 1.90 秒後獲取 愛爾達娛樂台 節目表
2025-10-13 01:24:32 | SUCCESS | 成功獲取 愛爾達娛樂台 節目表 (78 個節目)
2025-10-13 01:24:32 | SUCCESS | 成功獲取 愛爾達娛樂台 節目表 (78 個節目)
2025-10-13 01:24:32 | DEBUG | 等待 2.85 秒後獲取 靖天綜合台 節目表
2025-10-13 01:24:35 | SUCCESS | 成功獲取 靖天綜合台 節目表 (72 個節目)
2025-10-13 01:24:35 | SUCCESS | 成功獲取 靖天綜合台 節目表 (72 個節目)
2025-10-13 01:24:35 | DEBUG | 等待 1.58 秒後獲取 靖天日本台 節目表
2025-10-13 01:24:37 | SUCCESS | 成功獲取 靖天日本台 節目表 (64 個節目)
2025-10-13 01:24:37 | SUCCESS | 成功獲取 靖天日本台 節目表 (64 個節目)
2025-10-13 01:24:37 | DEBUG | 等待 1.01 秒後獲取 新唐人亞太台 節目表
2025-10-13 01:24:39 | SUCCESS | 成功獲取 新唐人亞太台 節目表 (141 個節目)
2025-10-13 01:24:39 | SUCCESS | 成功獲取 新唐人亞太台 節目表 (141 個節目)
2025-10-13 01:24:39 | DEBUG | 等待 2.64 秒後獲取 ARIRANG阿里郎頻道 節目表
2025-10-13 01:24:42 | SUCCESS | 成功獲取 ARIRANG阿里郎頻道 節目表 (179 個節目)
2025-10-13 01:24:42 | SUCCESS | 成功獲取 ARIRANG阿里郎頻道 節目表 (179 個節目)
2025-10-13 01:24:42 | DEBUG | 等待 1.88 秒後獲取 Global Trekker 節目表
2025-10-13 01:24:44 | SUCCESS | 成功獲取 Global Trekker 節目表 (83 個節目)
2025-10-13 01:24:44 | SUCCESS | 成功獲取 Global Trekker 節目表 (83 個節目)
2025-10-13 01:24:44 | DEBUG | 等待 1.29 秒後獲取 原住民族電視台 節目表
2025-10-13 01:24:46 | SUCCESS | 成功獲取 原住民族電視台 節目表 (82 個節目)
2025-10-13 01:24:46 | SUCCESS | 成功獲取 原住民族電視台 節目表 (82 個節目)
2025-10-13 01:24:46 | DEBUG | 等待 1.21 秒後獲取 東森購物四台 節目表
2025-10-13 01:24:47 | SUCCESS | 成功獲取 東森購物四台 節目表 (72 個節目)
2025-10-13 01:24:47 | SUCCESS | 成功獲取 東森購物四台 節目表 (72 個節目)
2025-10-13 01:24:47 | DEBUG | 等待 1.83 秒後獲取 LiveABC互動英語頻道 節目表
2025-10-13 01:24:49 | SUCCESS | 成功獲取 LiveABC互動英語頻道 節目表 (207 個節目)
2025-10-13 01:24:49 | SUCCESS | 成功獲取 LiveABC互動英語頻道 節目表 (207 個節目)
2025-10-13 01:24:49 | DEBUG | 等待 1.92 秒後獲取 達文西頻道 節目表
2025-10-13 01:24:52 | SUCCESS | 成功獲取 達文西頻道 節目表 (331 個節目)
2025-10-13 01:24:52 | SUCCESS | 成功獲取 達文西頻道 節目表 (331 個節目)
2025-10-13 01:24:52 | DEBUG | 等待 2.35 秒後獲取 ELTV生活英語台 節目表
2025-10-13 01:24:54 | SUCCESS | 成功獲取 ELTV生活英語台 節目表 (78 個節目)
2025-10-13 01:24:54 | SUCCESS | 成功獲取 ELTV生活英語台 節目表 (78 個節目)
2025-10-13 01:24:54 | DEBUG | 等待 2.83 秒後獲取 Nick Jr. 兒童頻道 節目表
2025-10-13 01:24:58 | SUCCESS | 成功獲取 Nick Jr. 兒童頻道 節目表 (309 個節目)
2025-10-13 01:24:58 | SUCCESS | 成功獲取 Nick Jr. 兒童頻道 節目表 (309 個節目)
2025-10-13 01:24:58 | DEBUG | 等待 2.35 秒後獲取 尼克兒童頻道 節目表
2025-10-13 01:25:00 | SUCCESS | 成功獲取 尼克兒童頻道 節目表 (204 個節目)
2025-10-13 01:25:00 | SUCCESS | 成功獲取 尼克兒童頻道 節目表 (204 個節目)
2025-10-13 01:25:00 | DEBUG | 等待 2.82 秒後獲取 DreamWorks 夢工廠動畫 節目表
2025-10-13 01:25:03 | SUCCESS | 成功獲取 DreamWorks 夢工廠動畫 節目表 (180 個節目)
2025-10-13 01:25:03 | SUCCESS | 成功獲取 DreamWorks 夢工廠動畫 節目表 (180 個節目)
2025-10-13 01:25:03 | DEBUG | 等待 1.54 秒後獲取 靖天卡通台 節目表
2025-10-13 01:25:05 | SUCCESS | 成功獲取 靖天卡通台 節目表 (144 個節目)
2025-10-13 01:25:05 | SUCCESS | 成功獲取 靖天卡通台 節目表 (144 個節目)
2025-10-13 01:25:05 | DEBUG | 等待 2.24 秒後獲取 靖洋卡通Nice Bingo 節目表
2025-10-13 01:25:08 | SUCCESS | 成功獲取 靖洋卡通Nice Bingo 節目表 (144 個節目)
2025-10-13 01:25:08 | SUCCESS | 成功獲取 靖洋卡通Nice Bingo 節目表 (144 個節目)
2025-10-13 01:25:08 | DEBUG | 等待 2.47 秒後獲取 MOMO親子台 節目表
2025-10-13 01:25:11 | SUCCESS | 成功獲取 MOMO親子台 節目表 (216 個節目)
2025-10-13 01:25:11 | SUCCESS | 成功獲取 MOMO親子台 節目表 (216 個節目)
2025-10-13 01:25:11 | DEBUG | 等待 1.02 秒後獲取 東森購物一台 節目表
2025-10-13 01:25:12 | SUCCESS | 成功獲取 東森購物一台 節目表 (72 個節目)
2025-10-13 01:25:12 | SUCCESS | 成功獲取 東森購物一台 節目表 (72 個節目)
2025-10-13 01:25:12 | DEBUG | 等待 2.54 秒後獲取 鏡電視新聞台 節目表
2025-10-13 01:25:15 | SUCCESS | 成功獲取 鏡電視新聞台 節目表 (73 個節目)
2025-10-13 01:25:15 | SUCCESS | 成功獲取 鏡電視新聞台 節目表 (73 個節目)
2025-10-13 01:25:15 | DEBUG | 等待 2.02 秒後獲取 東森新聞台 節目表
2025-10-13 01:25:18 | SUCCESS | 成功獲取 東森新聞台 節目表 (36 個節目)
2025-10-13 01:25:18 | SUCCESS | 成功獲取 東森新聞台 節目表 (36 個節目)
2025-10-13 01:25:18 | DEBUG | 等待 2.69 秒後獲取 華視新聞 節目表
2025-10-13 01:25:21 | SUCCESS | 成功獲取 華視新聞 節目表 (67 個節目)
2025-10-13 01:25:21 | SUCCESS | 成功獲取 華視新聞 節目表 (67 個節目)
2025-10-13 01:25:21 | DEBUG | 等待 1.89 秒後獲取 民視新聞台 節目表
2025-10-13 01:25:23 | SUCCESS | 成功獲取 民視新聞台 節目表 (72 個節目)
2025-10-13 01:25:23 | SUCCESS | 成功獲取 民視新聞台 節目表 (72 個節目)
2025-10-13 01:25:23 | DEBUG | 等待 2.83 秒後獲取 三立新聞iNEWS 節目表
2025-10-13 01:25:26 | SUCCESS | 成功獲取 三立新聞iNEWS 節目表 (65 個節目)
2025-10-13 01:25:26 | SUCCESS | 成功獲取 三立新聞iNEWS 節目表 (65 個節目)
2025-10-13 01:25:26 | DEBUG | 等待 1.95 秒後獲取 TVBS新聞 節目表
2025-10-13 01:25:29 | SUCCESS | 成功獲取 TVBS新聞 節目表 (72 個節目)
2025-10-13 01:25:29 | SUCCESS | 成功獲取 TVBS新聞 節目表 (72 個節目)
2025-10-13 01:25:29 | DEBUG | 等待 2.17 秒後獲取 東森財經新聞台 節目表
2025-10-13 01:25:31 | SUCCESS | 成功獲取 東森財經新聞台 節目表 (59 個節目)
2025-10-13 01:25:31 | SUCCESS | 成功獲取 東森財經新聞台 節目表 (59 個節目)
2025-10-13 01:25:31 | DEBUG | 等待 1.38 秒後獲取 中視新聞 節目表
2025-10-13 01:25:33 | SUCCESS | 成功獲取 中視新聞 節目表 (72 個節目)
2025-10-13 01:25:33 | SUCCESS | 成功獲取 中視新聞 節目表 (72 個節目)
2025-10-13 01:25:33 | DEBUG | 等待 1.79 秒後獲取 中天新聞台 節目表
2025-10-13 01:25:35 | SUCCESS | 成功獲取 中天新聞台 節目表 (72 個節目)
2025-10-13 01:25:35 | SUCCESS | 成功獲取 中天新聞台 節目表 (72 個節目)
2025-10-13 01:25:35 | DEBUG | 等待 2.87 秒後獲取 Bloomberg TV 節目表
2025-10-13 01:25:38 | SUCCESS | 成功獲取 Bloomberg TV 節目表 (64 個節目)
2025-10-13 01:25:38 | SUCCESS | 成功獲取 Bloomberg TV 節目表 (64 個節目)
2025-10-13 01:25:38 | DEBUG | 等待 2.29 秒後獲取 寰宇新聞台 節目表
2025-10-13 01:25:41 | SUCCESS | 成功獲取 寰宇新聞台 節目表 (72 個節目)
2025-10-13 01:25:41 | SUCCESS | 成功獲取 寰宇新聞台 節目表 (72 個節目)
2025-10-13 01:25:41 | DEBUG | 等待 2.85 秒後獲取 寰宇新聞台灣台 節目表
2025-10-13 01:25:44 | SUCCESS | 成功獲取 寰宇新聞台灣台 節目表 (72 個節目)
2025-10-13 01:25:44 | SUCCESS | 成功獲取 寰宇新聞台灣台 節目表 (72 個節目)
2025-10-13 01:25:44 | DEBUG | 等待 1.07 秒後獲取 SBN全球財經台 節目表
2025-10-13 01:25:46 | SUCCESS | 成功獲取 SBN全球財經台 節目表 (144 個節目)
2025-10-13 01:25:46 | SUCCESS | 成功獲取 SBN全球財經台 節目表 (144 個節目)
2025-10-13 01:25:46 | DEBUG | 等待 1.69 秒後獲取 TVBS 節目表
2025-10-13 01:25:48 | SUCCESS | 成功獲取 TVBS 節目表 (72 個節目)
2025-10-13 01:25:48 | SUCCESS | 成功獲取 TVBS 節目表 (72 個節目)
2025-10-13 01:25:48 | DEBUG | 等待 1.06 秒後獲取 東森購物二台 節目表
2025-10-13 01:25:49 | SUCCESS | 成功獲取 東森購物二台 節目表 (72 個節目)
2025-10-13 01:25:49 | SUCCESS | 成功獲取 東森購物二台 節目表 (72 個節目)
2025-10-13 01:25:49 | DEBUG | 等待 1.03 秒後獲取 民視綜藝台 節目表
2025-10-13 01:25:50 | SUCCESS | 成功獲取 民視綜藝台 節目表 (55 個節目)
2025-10-13 01:25:50 | SUCCESS | 成功獲取 民視綜藝台 節目表 (55 個節目)
2025-10-13 01:25:50 | DEBUG | 等待 1.13 秒後獲取 豬哥亮歌廳秀 節目表
2025-10-13 01:25:52 | SUCCESS | 成功獲取 豬哥亮歌廳秀 節目表 (68 個節目)
2025-10-13 01:25:52 | SUCCESS | 成功獲取 豬哥亮歌廳秀 節目表 (68 個節目)
2025-10-13 01:25:52 | DEBUG | 等待 1.37 秒後獲取 靖天育樂台 節目表
2025-10-13 01:25:54 | SUCCESS | 成功獲取 靖天育樂台 節目表 (73 個節目)
2025-10-13 01:25:54 | SUCCESS | 成功獲取 靖天育樂台 節目表 (73 個節目)
2025-10-13 01:25:54 | DEBUG | 等待 1.74 秒後獲取 KLT-靖天國際台 節目表
2025-10-13 01:25:56 | SUCCESS | 成功獲取 KLT-靖天國際台 節目表 (144 個節目)
2025-10-13 01:25:56 | SUCCESS | 成功獲取 KLT-靖天國際台 節目表 (144 個節目)
2025-10-13 01:25:56 | DEBUG | 等待 1.13 秒後獲取 Nice TV 靖天歡樂台 節目表
2025-10-13 01:25:57 | SUCCESS | 成功獲取 Nice TV 靖天歡樂台 節目表 (66 個節目)
2025-10-13 01:25:57 | SUCCESS | 成功獲取 Nice TV 靖天歡樂台 節目表 (66 個節目)
2025-10-13 01:25:57 | DEBUG | 等待 1.55 秒後獲取 靖天資訊台 節目表
2025-10-13 01:25:59 | SUCCESS | 成功獲取 靖天資訊台 節目表 (79 個節目)
2025-10-13 01:25:59 | SUCCESS | 成功獲取 靖天資訊台 節目表 (79 個節目)
2025-10-13 01:25:59 | DEBUG | 等待 1.68 秒後獲取 TVBS歡樂台 節目表
2025-10-13 01:26:01 | SUCCESS | 成功獲取 TVBS歡樂台 節目表 (72 個節目)
2025-10-13 01:26:01 | SUCCESS | 成功獲取 TVBS歡樂台 節目表 (72 個節目)
2025-10-13 01:26:01 | DEBUG | 等待 1.46 秒後獲取 韓國娛樂台 KMTV 節目表
2025-10-13 01:26:03 | SUCCESS | 成功獲取 韓國娛樂台 KMTV 節目表 (120 個節目)
2025-10-13 01:26:03 | SUCCESS | 成功獲取 韓國娛樂台 KMTV 節目表 (120 個節目)
2025-10-13 01:26:03 | DEBUG | 等待 2.16 秒後獲取 ROCK Entertainment 節目表
2025-10-13 01:26:06 | SUCCESS | 成功獲取 ROCK Entertainment 節目表 (83 個節目)
2025-10-13 01:26:06 | SUCCESS | 成功獲取 ROCK Entertainment 節目表 (83 個節目)
2025-10-13 01:26:06 | DEBUG | 等待 1.56 秒後獲取 Lifetime 娛樂頻道 節目表
2025-10-13 01:26:08 | SUCCESS | 成功獲取 Lifetime 娛樂頻道 節目表 (71 個節目)
2025-10-13 01:26:08 | SUCCESS | 成功獲取 Lifetime 娛樂頻道 節目表 (71 個節目)
2025-10-13 01:26:08 | DEBUG | 等待 1.70 秒後獲取 電影原聲台CMusic 節目表
2025-10-13 01:26:10 | SUCCESS | 成功獲取 電影原聲台CMusic 節目表 (1370 個節目)
2025-10-13 01:26:10 | SUCCESS | 成功獲取 電影原聲台CMusic 節目表 (1370 個節目)
2025-10-13 01:26:10 | DEBUG | 等待 1.73 秒後獲取 TRACE Urban 節目表
2025-10-13 01:26:12 | SUCCESS | 成功獲取 TRACE Urban 節目表 (29 個節目)
2025-10-13 01:26:12 | SUCCESS | 成功獲取 TRACE Urban 節目表 (29 個節目)
2025-10-13 01:26:12 | DEBUG | 等待 2.71 秒後獲取 MTV Live HD 音樂頻道 節目表
2025-10-13 01:26:15 | SUCCESS | 成功獲取 MTV Live HD 音樂頻道 節目表 (79 個節目)
2025-10-13 01:26:15 | SUCCESS | 成功獲取 MTV Live HD 音樂頻道 節目表 (79 個節目)
2025-10-13 01:26:15 | DEBUG | 等待 2.74 秒後獲取 Mezzo Live HD 節目表
2025-10-13 01:26:18 | SUCCESS | 成功獲取 Mezzo Live HD 節目表 (54 個節目)
2025-10-13 01:26:18 | SUCCESS | 成功獲取 Mezzo Live HD 節目表 (54 個節目)
2025-10-13 01:26:18 | DEBUG | 等待 2.18 秒後獲取 CLASSICA 古典樂 節目表
2025-10-13 01:26:21 | SUCCESS | 成功獲取 CLASSICA 古典樂 節目表 (78 個節目)
2025-10-13 01:26:21 | SUCCESS | 成功獲取 CLASSICA 古典樂 節目表 (78 個節目)
2025-10-13 01:26:21 | DEBUG | 等待 2.04 秒後獲取 東森購物三台 節目表
2025-10-13 01:26:23 | SUCCESS | 成功獲取 東森購物三台 節目表 (72 個節目)
2025-10-13 01:26:23 | SUCCESS | 成功獲取 東森購物三台 節目表 (72 個節目)
2025-10-13 01:26:23 | DEBUG | 等待 2.38 秒後獲取 INULTRA 節目表
2025-10-13 01:26:26 | SUCCESS | 成功獲取 INULTRA 節目表 (113 個節目)
2025-10-13 01:26:26 | SUCCESS | 成功獲取 INULTRA 節目表 (113 個節目)
2025-10-13 01:26:26 | DEBUG | 等待 1.39 秒後獲取 TRACE Sport Stars 節目表
2025-10-13 01:26:27 | SUCCESS | 成功獲取 TRACE Sport Stars 節目表 (144 個節目)
2025-10-13 01:26:27 | SUCCESS | 成功獲取 TRACE Sport Stars 節目表 (144 個節目)
2025-10-13 01:26:27 | DEBUG | 等待 2.72 秒後獲取 智林體育台 節目表
2025-10-13 01:26:31 | SUCCESS | 成功獲取 智林體育台 節目表 (30 個節目)
2025-10-13 01:26:31 | SUCCESS | 成功獲取 智林體育台 節目表 (30 個節目)
2025-10-13 01:26:31 | DEBUG | 等待 1.89 秒後獲取 時尚運動X 節目表
2025-10-13 01:26:33 | SUCCESS | 成功獲取 時尚運動X 節目表 (248 個節目)
2025-10-13 01:26:33 | SUCCESS | 成功獲取 時尚運動X 節目表 (248 個節目)
2025-10-13 01:26:33 | DEBUG | 等待 2.35 秒後獲取 車迷TV 節目表
2025-10-13 01:26:36 | SUCCESS | 成功獲取 車迷TV 節目表 (119 個節目)
2025-10-13 01:26:36 | SUCCESS | 成功獲取 車迷TV 節目表 (119 個節目)
2025-10-13 01:26:36 | DEBUG | 等待 1.94 秒後獲取 GINX Esports TV 節目表
2025-10-13 01:26:38 | SUCCESS | 成功獲取 GINX Esports TV 節目表 (78 個節目)
2025-10-13 01:26:38 | SUCCESS | 成功獲取 GINX Esports TV 節目表 (78 個節目)
2025-10-13 01:26:38 | DEBUG | 等待 2.28 秒後獲取 Pet Club TV 節目表
2025-10-13 01:26:40 | SUCCESS | 成功獲取 Pet Club TV 節目表 (81 個節目)
2025-10-13 01:26:40 | SUCCESS | 成功獲取 Pet Club TV 節目表 (81 個節目)
2025-10-13 01:26:40 | DEBUG | 等待 2.94 秒後獲取 民視旅遊台 節目表
2025-10-13 01:26:44 | SUCCESS | 成功獲取 民視旅遊台 節目表 (153 個節目)
2025-10-13 01:26:44 | SUCCESS | 成功獲取 民視旅遊台 節目表 (153 個節目)
2025-10-13 01:26:44 | DEBUG | 等待 1.89 秒後獲取 滾動力rollor 節目表
2025-10-13 01:26:46 | SUCCESS | 成功獲取 滾動力rollor 節目表 (72 個節目)
2025-10-13 01:26:46 | SUCCESS | 成功獲取 滾動力rollor 節目表 (72 個節目)
2025-10-13 01:26:46 | DEBUG | 等待 2.19 秒後獲取 亞洲旅遊台 節目表
2025-10-13 01:26:49 | SUCCESS | 成功獲取 亞洲旅遊台 節目表 (72 個節目)
2025-10-13 01:26:49 | SUCCESS | 成功獲取 亞洲旅遊台 節目表 (72 個節目)
2025-10-13 01:26:49 | DEBUG | 等待 1.87 秒後獲取 fun探索娛樂台 節目表
2025-10-13 01:26:51 | SUCCESS | 成功獲取 fun探索娛樂台 節目表 (70 個節目)
2025-10-13 01:26:51 | SUCCESS | 成功獲取 fun探索娛樂台 節目表 (70 個節目)
2025-10-13 01:26:51 | DEBUG | 等待 1.67 秒後獲取 幸福空間居家台 節目表
2025-10-13 01:26:53 | SUCCESS | 成功獲取 幸福空間居家台 節目表 (72 個節目)
2025-10-13 01:26:53 | SUCCESS | 成功獲取 幸福空間居家台 節目表 (72 個節目)
2025-10-13 01:26:53 | DEBUG | 等待 1.76 秒後獲取 Love Nature 節目表
2025-10-13 01:26:55 | SUCCESS | 成功獲取 Love Nature 節目表 (81 個節目)
2025-10-13 01:26:55 | SUCCESS | 成功獲取 Love Nature 節目表 (81 個節目)
2025-10-13 01:26:55 | DEBUG | 等待 2.48 秒後獲取 History 歷史頻道 節目表
2025-10-13 01:26:58 | SUCCESS | 成功獲取 History 歷史頻道 節目表 (78 個節目)
2025-10-13 01:26:58 | SUCCESS | 成功獲取 History 歷史頻道 節目表 (78 個節目)
2025-10-13 01:26:58 | DEBUG | 等待 2.09 秒後獲取 愛爾達生活旅遊台 節目表
2025-10-13 01:27:00 | SUCCESS | 成功獲取 愛爾達生活旅遊台 節目表 (108 個節目)
2025-10-13 01:27:00 | SUCCESS | 成功獲取 愛爾達生活旅遊台 節目表 (108 個節目)
2025-10-13 01:27:00 | DEBUG | 等待 1.70 秒後獲取 LUXE TV Channel 節目表
2025-10-13 01:27:02 | SUCCESS | 成功獲取 LUXE TV Channel 節目表 (178 個節目)
2025-10-13 01:27:02 | SUCCESS | 成功獲取 LUXE TV Channel 節目表 (178 個節目)
2025-10-13 01:27:02 | DEBUG | 等待 2.76 秒後獲取 TV5MONDE STYLE HD 生活時尚 節目表
2025-10-13 01:27:06 | SUCCESS | 成功獲取 TV5MONDE STYLE HD 生活時尚 節目表 (136 個節目)
2025-10-13 01:27:06 | SUCCESS | 成功獲取 TV5MONDE STYLE HD 生活時尚 節目表 (136 個節目)
2025-10-13 01:27:06 | DEBUG | 等待 1.80 秒後獲取 MagellanTV頻道 (麥哲倫頻道)  節目表
2025-10-13 01:27:08 | SUCCESS | 成功獲取 MagellanTV頻道 (麥哲倫頻道)  節目表 (88 個節目)
2025-10-13 01:27:08 | SUCCESS | 成功獲取 MagellanTV頻道 (麥哲倫頻道)  節目表 (88 個節目)
2025-10-13 01:27:08 | DEBUG | 等待 1.60 秒後獲取 公視戲劇 節目表
2025-10-13 01:27:10 | SUCCESS | 成功獲取 公視戲劇 節目表 (48 個節目)
2025-10-13 01:27:10 | SUCCESS | 成功獲取 公視戲劇 節目表 (48 個節目)
2025-10-13 01:27:10 | DEBUG | 等待 1.66 秒後獲取 民視影劇台 節目表
2025-10-13 01:27:12 | SUCCESS | 成功獲取 民視影劇台 節目表 (62 個節目)
2025-10-13 01:27:12 | SUCCESS | 成功獲取 民視影劇台 節目表 (62 個節目)
2025-10-13 01:27:12 | DEBUG | 等待 2.98 秒後獲取 HITS頻道 節目表
2025-10-13 01:27:15 | SUCCESS | 成功獲取 HITS頻道 節目表 (89 個節目)
2025-10-13 01:27:15 | SUCCESS | 成功獲取 HITS頻道 節目表 (89 個節目)
2025-10-13 01:27:15 | DEBUG | 等待 2.74 秒後獲取 八大精彩台 節目表
2025-10-13 01:27:18 | SUCCESS | 成功獲取 八大精彩台 節目表 (72 個節目)
2025-10-13 01:27:18 | SUCCESS | 成功獲取 八大精彩台 節目表 (72 個節目)
2025-10-13 01:27:18 | DEBUG | 等待 2.56 秒後獲取 霹靂布袋戲 節目表
2025-10-13 01:27:21 | SUCCESS | 成功獲取 霹靂布袋戲 節目表 (60 個節目)
2025-10-13 01:27:21 | SUCCESS | 成功獲取 霹靂布袋戲 節目表 (60 個節目)
2025-10-13 01:27:21 | DEBUG | 等待 1.92 秒後獲取 靖天戲劇台 節目表
2025-10-13 01:27:24 | SUCCESS | 成功獲取 靖天戲劇台 節目表 (72 個節目)
2025-10-13 01:27:24 | SUCCESS | 成功獲取 靖天戲劇台 節目表 (72 個節目)
2025-10-13 01:27:24 | DEBUG | 等待 1.39 秒後獲取 靖洋戲劇台 節目表
2025-10-13 01:27:25 | SUCCESS | 成功獲取 靖洋戲劇台 節目表 (72 個節目)
2025-10-13 01:27:25 | SUCCESS | 成功獲取 靖洋戲劇台 節目表 (72 個節目)
2025-10-13 01:27:25 | DEBUG | 等待 1.73 秒後獲取 CI 罪案偵查頻道 節目表
2025-10-13 01:27:27 | SUCCESS | 成功獲取 CI 罪案偵查頻道 節目表 (84 個節目)
2025-10-13 01:27:27 | SUCCESS | 成功獲取 CI 罪案偵查頻道 節目表 (84 個節目)
2025-10-13 01:27:27 | DEBUG | 等待 2.11 秒後獲取 視納華仁紀實頻道 節目表
2025-10-13 01:27:30 | SUCCESS | 成功獲取 視納華仁紀實頻道 節目表 (96 個節目)
2025-10-13 01:27:30 | SUCCESS | 成功獲取 視納華仁紀實頻道 節目表 (96 個節目)
2025-10-13 01:27:30 | DEBUG | 等待 1.93 秒後獲取 影迷數位紀實台 節目表
2025-10-13 01:27:32 | SUCCESS | 成功獲取 影迷數位紀實台 節目表 (90 個節目)
2025-10-13 01:27:32 | SUCCESS | 成功獲取 影迷數位紀實台 節目表 (90 個節目)
2025-10-13 01:27:32 | DEBUG | 等待 1.28 秒後獲取 金光布袋戲 節目表
2025-10-13 01:27:34 | SUCCESS | 成功獲取 金光布袋戲 節目表 (48 個節目)
2025-10-13 01:27:34 | SUCCESS | 成功獲取 金光布袋戲 節目表 (48 個節目)
2025-10-13 01:27:34 | DEBUG | 等待 1.74 秒後獲取 ROCK Action 節目表
2025-10-13 01:27:36 | SUCCESS | 成功獲取 ROCK Action 節目表 (38 個節目)
2025-10-13 01:27:36 | SUCCESS | 成功獲取 ROCK Action 節目表 (38 個節目)
2025-10-13 01:27:36 | DEBUG | 等待 1.67 秒後獲取 采昌影劇台 節目表
2025-10-13 01:27:38 | SUCCESS | 成功獲取 采昌影劇台 節目表 (49 個節目)
2025-10-13 01:27:38 | SUCCESS | 成功獲取 采昌影劇台 節目表 (49 個節目)
2025-10-13 01:27:38 | DEBUG | 等待 1.67 秒後獲取 靖天映畫 節目表
2025-10-13 01:27:40 | SUCCESS | 成功獲取 靖天映畫 節目表 (36 個節目)
2025-10-13 01:27:40 | SUCCESS | 成功獲取 靖天映畫 節目表 (36 個節目)
2025-10-13 01:27:40 | DEBUG | 等待 2.59 秒後獲取 靖天電影台 節目表
2025-10-13 01:27:43 | SUCCESS | 成功獲取 靖天電影台 節目表 (39 個節目)
2025-10-13 01:27:43 | SUCCESS | 成功獲取 靖天電影台 節目表 (39 個節目)
2025-10-13 01:27:43 | DEBUG | 等待 1.11 秒後獲取 影迷數位電影台 節目表
2025-10-13 01:27:44 | SUCCESS | 成功獲取 影迷數位電影台 節目表 (40 個節目)
2025-10-13 01:27:44 | SUCCESS | 成功獲取 影迷數位電影台 節目表 (40 個節目)
2025-10-13 01:27:44 | DEBUG | 等待 2.87 秒後獲取 amc電影台 節目表
2025-10-13 01:27:48 | SUCCESS | 成功獲取 amc電影台 節目表 (46 個節目)
2025-10-13 01:27:48 | SUCCESS | 成功獲取 amc電影台 節目表 (46 個節目)
2025-10-13 01:27:48 | DEBUG | 等待 2.46 秒後獲取 CinemaWorld 節目表
2025-10-13 01:27:50 | SUCCESS | 成功獲取 CinemaWorld 節目表 (47 個節目)
2025-10-13 01:27:50 | SUCCESS | 成功獲取 CinemaWorld 節目表 (47 個節目)
2025-10-13 01:27:50 | DEBUG | 等待 2.56 秒後獲取 My Cinema Europe HD 我的歐洲電影 節目表
2025-10-13 01:27:53 | SUCCESS | 成功獲取 My Cinema Europe HD 我的歐洲電影 節目表 (45 個節目)
2025-10-13 01:27:53 | SUCCESS | 成功獲取 My Cinema Europe HD 我的歐洲電影 節目表 (45 個節目)
2025-10-13 01:27:53 | DEBUG | 等待 2.45 秒後獲取 好消息 節目表
2025-10-13 01:27:56 | SUCCESS | 成功獲取 好消息 節目表 (169 個節目)
2025-10-13 01:27:56 | SUCCESS | 成功獲取 好消息 節目表 (169 個節目)
2025-10-13 01:27:56 | DEBUG | 等待 2.89 秒後獲取 好消息2台 節目表
2025-10-13 01:27:59 | SUCCESS | 成功獲取 好消息2台 節目表 (132 個節目)
2025-10-13 01:27:59 | SUCCESS | 成功獲取 好消息2台 節目表 (132 個節目)
2025-10-13 01:27:59 | DEBUG | 等待 1.45 秒後獲取 大愛二台 節目表
2025-10-13 01:28:01 | SUCCESS | 成功獲取 大愛二台 節目表 (150 個節目)
2025-10-13 01:28:01 | SUCCESS | 成功獲取 大愛二台 節目表 (150 個節目)
2025-10-13 01:28:01 | DEBUG | 等待 1.96 秒後獲取 人間衛視 節目表
2025-10-13 01:28:03 | SUCCESS | 成功獲取 人間衛視 節目表 (93 個節目)
2025-10-13 01:28:03 | SUCCESS | 成功獲取 人間衛視 節目表 (93 個節目)
2025-10-13 01:28:03 | DEBUG | 等待 1.38 秒後獲取 NHK WORLD-JAPAN 節目表
2025-10-13 01:28:05 | SUCCESS | 成功獲取 NHK WORLD-JAPAN 節目表 (235 個節目)
2025-10-13 01:28:05 | SUCCESS | 成功獲取 NHK WORLD-JAPAN 節目表 (235 個節目)
2025-10-13 01:28:05 | DEBUG | 等待 1.57 秒後獲取 FRANCE24 英文台 節目表
2025-10-13 01:28:07 | SUCCESS | 成功獲取 FRANCE24 英文台 節目表 (363 個節目)
2025-10-13 01:28:07 | SUCCESS | 成功獲取 FRANCE24 英文台 節目表 (363 個節目)
2025-10-13 01:28:07 | DEBUG | 等待 1.39 秒後獲取 半島國際新聞台 節目表
2025-10-13 01:28:09 | SUCCESS | 成功獲取 半島國際新聞台 節目表 (111 個節目)
2025-10-13 01:28:09 | SUCCESS | 成功獲取 半島國際新聞台 節目表 (111 個節目)
2025-10-13 01:28:09 | DEBUG | 等待 2.69 秒後獲取 CNBC Asia 財經台 節目表
2025-10-13 01:28:12 | SUCCESS | 成功獲取 CNBC Asia 財經台 節目表 (136 個節目)
2025-10-13 01:28:12 | SUCCESS | 成功獲取 CNBC Asia 財經台 節目表 (136 個節目)
2025-10-13 01:28:12 | DEBUG | 等待 2.11 秒後獲取 DW德國之聲 節目表
2025-10-13 01:28:15 | SUCCESS | 成功獲取 DW德國之聲 節目表 (186 個節目)
2025-10-13 01:28:15 | SUCCESS | 成功獲取 DW德國之聲 節目表 (186 個節目)
2025-10-13 01:28:15 | DEBUG | 等待 2.35 秒後獲取 國會頻道1 節目表
2025-10-13 01:28:17 | SUCCESS | 成功獲取 國會頻道1 節目表 (12 個節目)
2025-10-13 01:28:17 | SUCCESS | 成功獲取 國會頻道1 節目表 (12 個節目)
2025-10-13 01:28:17 | DEBUG | 等待 1.35 秒後獲取 國會頻道2 節目表
2025-10-13 01:28:19 | SUCCESS | 成功獲取 國會頻道2 節目表 (12 個節目)
2025-10-13 01:28:19 | SUCCESS | 成功獲取 國會頻道2 節目表 (12 個節目)
2025-10-13 01:28:19 | DEBUG | 等待 1.95 秒後獲取 TVBS綜藝台 節目表
2025-10-13 01:28:21 | SUCCESS | 成功獲取 TVBS綜藝台 節目表 (72 個節目)
2025-10-13 01:28:21 | SUCCESS | 成功獲取 TVBS綜藝台 節目表 (72 個節目)
2025-10-13 01:28:21 | DEBUG | 等待 1.52 秒後獲取 TVBS台劇台 節目表
2025-10-13 01:28:23 | SUCCESS | 成功獲取 TVBS台劇台 節目表 (72 個節目)
2025-10-13 01:28:23 | SUCCESS | 成功獲取 TVBS台劇台 節目表 (72 個節目)
2025-10-13 01:28:23 | DEBUG | 等待 1.27 秒後獲取 經典電影台 節目表
2025-10-13 01:28:25 | SUCCESS | 成功獲取 經典電影台 節目表 (28 個節目)
2025-10-13 01:28:25 | SUCCESS | 成功獲取 經典電影台 節目表 (28 個節目)
2025-10-13 01:28:25 | DEBUG | 等待 1.57 秒後獲取 經典卡通台 節目表
2025-10-13 01:28:27 | SUCCESS | 成功獲取 經典卡通台 節目表 (56 個節目)
2025-10-13 01:28:27 | SUCCESS | 成功獲取 經典卡通台 節目表 (56 個節目)
2025-10-13 01:28:27 | DEBUG | 等待 1.96 秒後獲取 精選動漫台 節目表
2025-10-13 01:28:29 | SUCCESS | 成功獲取 精選動漫台 節目表 (192 個節目)
2025-10-13 01:28:29 | SUCCESS | 成功獲取 精選動漫台 節目表 (192 個節目)
2025-10-13 01:28:29 | DEBUG | 等待 2.53 秒後獲取 戲劇免費看 1台 節目表
2025-10-13 01:28:32 | SUCCESS | 成功獲取 戲劇免費看 1台 節目表 (108 個節目)
2025-10-13 01:28:32 | SUCCESS | 成功獲取 戲劇免費看 1台 節目表 (108 個節目)
2025-10-13 01:28:32 | INFO | 共獲取 115 個頻道, 12572 個節目
2025-10-13 01:28:32 | INFO | 電子節目表單已生成: /home/runner/work/EPG/EPG/output/4g.xml
2025-10-13 01:28:32 | SUCCESS | EPG生成完成: /home/runner/work/EPG/EPG/output/4g.xml
